[0514/114401.703:ERROR:process_reader_win.cc(123)] NtOpenThread: {Access Denied} A process has requested access to an object, but has not been granted those access rights. (0xc0000022)
[0514/114401.704:ERROR:exception_snapshot_win.cc(98)] thread ID 2568 not found in process
[0514/114401.743:ERROR:process_reader_win.cc(123)] NtOpenThread: {Access Denied} A process has requested access to an object, but has not been granted those access rights. (0xc0000022)
[0514/114401.743:ERROR:exception_snapshot_win.cc(98)] thread ID 10128 not found in process
[0514/150850.182:ERROR:process_reader_win.cc(123)] NtOpenThread: {Access Denied} A process has requested access to an object, but has not been granted those access rights. (0xc0000022)
[0514/150850.183:ERROR:exception_snapshot_win.cc(98)] thread ID 8384 not found in process
[0514/150850.222:ERROR:process_reader_win.cc(123)] NtOpenThread: {Access Denied} A process has requested access to an object, but has not been granted those access rights. (0xc0000022)
[0514/150850.223:ERROR:exception_snapshot_win.cc(98)] thread ID 11296 not found in process
[0514/151630.018:ERROR:process_reader_win.cc(123)] NtOpenThread: {Access Denied} A process has requested access to an object, but has not been granted those access rights. (0xc0000022)
[0514/151630.019:ERROR:exception_snapshot_win.cc(98)] thread ID 4344 not found in process
[0514/151630.041:ERROR:process_reader_win.cc(123)] NtOpenThread: {Access Denied} A process has requested access to an object, but has not been granted those access rights. (0xc0000022)
[0514/151630.041:ERROR:exception_snapshot_win.cc(98)] thread ID 14204 not found in process
[0514/152020.270:ERROR:process_reader_win.cc(123)] NtOpenThread: {Access Denied} A process has requested access to an object, but has not been granted those access rights. (0xc0000022)
[0514/152020.271:ERROR:exception_snapshot_win.cc(98)] thread ID 11980 not found in process
[0514/152020.283:ERROR:process_reader_win.cc(123)] NtOpenThread: {Access Denied} A process has requested access to an object, but has not been granted those access rights. (0xc0000022)
[0514/152020.283:ERROR:exception_snapshot_win.cc(98)] thread ID 9912 not found in process
[0514/152132.815:ERROR:process_reader_win.cc(123)] NtOpenThread: {Access Denied} A process has requested access to an object, but has not been granted those access rights. (0xc0000022)
[0514/152132.816:ERROR:exception_snapshot_win.cc(98)] thread ID 5380 not found in process
[0514/152132.828:ERROR:process_reader_win.cc(123)] NtOpenThread: {Access Denied} A process has requested access to an object, but has not been granted those access rights. (0xc0000022)
[0514/152132.828:ERROR:exception_snapshot_win.cc(98)] thread ID 5820 not found in process
[0514/152337.095:ERROR:process_reader_win.cc(123)] NtOpenThread: {Access Denied} A process has requested access to an object, but has not been granted those access rights. (0xc0000022)
[0514/152337.097:ERROR:exception_snapshot_win.cc(98)] thread ID 14164 not found in process
[0514/152337.109:ERROR:process_reader_win.cc(123)] NtOpenThread: {Access Denied} A process has requested access to an object, but has not been granted those access rights. (0xc0000022)
[0514/152337.109:ERROR:exception_snapshot_win.cc(98)] thread ID 7076 not found in process
[0514/152524.823:ERROR:process_reader_win.cc(123)] NtOpenThread: {Access Denied} A process has requested access to an object, but has not been granted those access rights. (0xc0000022)
[0514/152524.824:ERROR:exception_snapshot_win.cc(98)] thread ID 8240 not found in process
[0514/152524.842:ERROR:process_reader_win.cc(123)] NtOpenThread: {Access Denied} A process has requested access to an object, but has not been granted those access rights. (0xc0000022)
[0514/152524.842:ERROR:exception_snapshot_win.cc(98)] thread ID 15128 not found in process
[0514/193711.399:ERROR:process_reader_win.cc(123)] NtOpenThread: {Access Denied} A process has requested access to an object, but has not been granted those access rights. (0xc0000022)
[0514/193711.430:ERROR:exception_snapshot_win.cc(98)] thread ID 6924 not found in process
[0514/193711.494:ERROR:process_reader_win.cc(123)] NtOpenThread: {Access Denied} A process has requested access to an object, but has not been granted those access rights. (0xc0000022)
[0514/193711.494:ERROR:exception_snapshot_win.cc(98)] thread ID 2256 not found in process
[0515/023059.870:ERROR:process_reader_win.cc(123)] NtOpenThread: {Access Denied} A process has requested access to an object, but has not been granted those access rights. (0xc0000022)
[0515/023059.872:ERROR:exception_snapshot_win.cc(98)] thread ID 3688 not found in process
[0515/023059.912:ERROR:process_reader_win.cc(123)] NtOpenThread: {Access Denied} A process has requested access to an object, but has not been granted those access rights. (0xc0000022)
[0515/023059.912:ERROR:exception_snapshot_win.cc(98)] thread ID 9628 not found in process
[0515/140414.485:ERROR:process_reader_win.cc(123)] NtOpenThread: {Access Denied} A process has requested access to an object, but has not been granted those access rights. (0xc0000022)
[0515/140414.487:ERROR:exception_snapshot_win.cc(98)] thread ID 10684 not found in process
[0515/140414.526:ERROR:process_reader_win.cc(123)] NtOpenThread: {Access Denied} A process has requested access to an object, but has not been granted those access rights. (0xc0000022)
[0515/140414.526:ERROR:exception_snapshot_win.cc(98)] thread ID 3728 not found in process
[0515/190241.481:ERROR:process_reader_win.cc(123)] NtOpenThread: {Access Denied} A process has requested access to an object, but has not been granted those access rights. (0xc0000022)
[0515/190241.481:ERROR:exception_snapshot_win.cc(98)] thread ID 6808 not found in process
[0515/190241.512:ERROR:process_reader_win.cc(123)] NtOpenThread: {Access Denied} A process has requested access to an object, but has not been granted those access rights. (0xc0000022)
[0515/190241.512:ERROR:exception_snapshot_win.cc(98)] thread ID 2956 not found in process
[0516/040801.923:ERROR:process_reader_win.cc(123)] NtOpenThread: {Access Denied} A process has requested access to an object, but has not been granted those access rights. (0xc0000022)
[0516/040801.927:ERROR:exception_snapshot_win.cc(98)] thread ID 11960 not found in process
[0516/040801.923:ERROR:process_reader_win.cc(123)] NtOpenThread: {Access Denied} A process has requested access to an object, but has not been granted those access rights. (0xc0000022)
[0516/040801.927:ERROR:exception_snapshot_win.cc(98)] thread ID 5428 not found in process
[0528/100813.762:ERROR:process_reader_win.cc(123)] NtOpenThread: {Access Denied} A process has requested access to an object, but has not been granted those access rights. (0xc0000022)
[0528/100813.784:ERROR:process_reader_win.cc(123)] NtOpenThread: {Access Denied} A process has requested access to an object, but has not been granted those access rights. (0xc0000022)
[0528/100813.842:ERROR:exception_snapshot_win.cc(98)] thread ID 7800 not found in process
[0528/102608.284:ERROR:process_reader_win.cc(123)] NtOpenThread: {Access Denied} A process has requested access to an object, but has not been granted those access rights. (0xc0000022)
[0528/102608.337:ERROR:exception_snapshot_win.cc(98)] thread ID 9824 not found in process
[0528/102608.522:ERROR:process_reader_win.cc(123)] NtOpenThread: {Access Denied} A process has requested access to an object, but has not been granted those access rights. (0xc0000022)
[0528/102608.522:ERROR:exception_snapshot_win.cc(98)] thread ID 2744 not found in process
[0528/111602.086:ERROR:process_reader_win.cc(123)] NtOpenThread: {Access Denied} A process has requested access to an object, but has not been granted those access rights. (0xc0000022)
[0528/111602.128:ERROR:exception_snapshot_win.cc(98)] thread ID 9064 not found in process
[0528/111602.292:ERROR:process_reader_win.cc(123)] NtOpenThread: {Access Denied} A process has requested access to an object, but has not been granted those access rights. (0xc0000022)
[0528/111602.292:ERROR:exception_snapshot_win.cc(98)] thread ID 5988 not found in process
[0602/161556.903:ERROR:process_reader_win.cc(123)] NtOpenThread: {Access Denied} A process has requested access to an object, but has not been granted those access rights. (0xc0000022)
[0602/161557.023:ERROR:exception_snapshot_win.cc(98)] thread ID 5836 not found in process
[0602/161557.234:ERROR:process_reader_win.cc(123)] NtOpenThread: {Access Denied} A process has requested access to an object, but has not been granted those access rights. (0xc0000022)
[0602/161557.234:ERROR:exception_snapshot_win.cc(98)] thread ID 12236 not found in process
[0602/165853.148:ERROR:process_reader_win.cc(123)] NtOpenThread: {Access Denied} A process has requested access to an object, but has not been granted those access rights. (0xc0000022)
[0602/165853.194:ERROR:exception_snapshot_win.cc(98)] thread ID 6268 not found in process
[0602/165853.379:ERROR:process_reader_win.cc(123)] NtOpenThread: {Access Denied} A process has requested access to an object, but has not been granted those access rights. (0xc0000022)
[0602/165853.379:ERROR:exception_snapshot_win.cc(98)] thread ID 9540 not found in process
[0603/164306.142:ERROR:process_reader_win.cc(123)] NtOpenThread: {Access Denied} A process has requested access to an object, but has not been granted those access rights. (0xc0000022)
[0603/164306.215:ERROR:exception_snapshot_win.cc(98)] thread ID 7900 not found in process
[0603/164306.418:ERROR:process_reader_win.cc(123)] NtOpenThread: {Access Denied} A process has requested access to an object, but has not been granted those access rights. (0xc0000022)
[0603/164306.418:ERROR:exception_snapshot_win.cc(98)] thread ID 10268 not found in process
[0604/162606.568:ERROR:process_reader_win.cc(123)] NtOpenThread: {Access Denied} A process has requested access to an object, but has not been granted those access rights. (0xc0000022)
[0604/162606.643:ERROR:exception_snapshot_win.cc(98)] thread ID 14076 not found in process
[0604/162607.109:ERROR:process_reader_win.cc(123)] NtOpenThread: {Access Denied} A process has requested access to an object, but has not been granted those access rights. (0xc0000022)
[0604/162607.109:ERROR:exception_snapshot_win.cc(98)] thread ID 6352 not found in process
[0608/095121.580:ERROR:process_reader_win.cc(123)] NtOpenThread: {Access Denied} A process has requested access to an object, but has not been granted those access rights. (0xc0000022)
[0608/095121.611:ERROR:exception_snapshot_win.cc(98)] thread ID 7284 not found in process
[0608/095121.997:ERROR:process_reader_win.cc(123)] NtOpenThread: {Access Denied} A process has requested access to an object, but has not been granted those access rights. (0xc0000022)
[0608/095121.997:ERROR:exception_snapshot_win.cc(98)] thread ID 6640 not found in process
[0609/125605.172:ERROR:process_reader_win.cc(123)] NtOpenThread: {Access Denied} A process has requested access to an object, but has not been granted those access rights. (0xc0000022)
[0609/125605.203:ERROR:exception_snapshot_win.cc(98)] thread ID 7088 not found in process
[0609/125605.328:ERROR:process_reader_win.cc(123)] NtOpenThread: {Access Denied} A process has requested access to an object, but has not been granted those access rights. (0xc0000022)
[0609/125605.328:ERROR:exception_snapshot_win.cc(98)] thread ID 10496 not found in process
[0609/154210.960:ERROR:process_reader_win.cc(123)] NtOpenThread: {Access Denied} A process has requested access to an object, but has not been granted those access rights. (0xc0000022)
[0609/154210.990:ERROR:exception_snapshot_win.cc(98)] thread ID 7064 not found in process
[0609/154211.112:ERROR:process_reader_win.cc(123)] NtOpenThread: {Access Denied} A process has requested access to an object, but has not been granted those access rights. (0xc0000022)
[0609/154211.112:ERROR:exception_snapshot_win.cc(98)] thread ID 612 not found in process
[0610/100858.534:ERROR:process_reader_win.cc(123)] NtOpenThread: {Access Denied} A process has requested access to an object, but has not been granted those access rights. (0xc0000022)
[0610/100858.577:ERROR:exception_snapshot_win.cc(98)] thread ID 2268 not found in process
[0610/100858.813:ERROR:process_reader_win.cc(123)] NtOpenThread: {Access Denied} A process has requested access to an object, but has not been granted those access rights. (0xc0000022)
[0610/100858.813:ERROR:exception_snapshot_win.cc(98)] thread ID 2576 not found in process
[0610/145904.894:ERROR:process_reader_win.cc(123)] NtOpenThread: {Access Denied} A process has requested access to an object, but has not been granted those access rights. (0xc0000022)
[0610/145904.923:ERROR:exception_snapshot_win.cc(98)] thread ID 10904 not found in process
[0610/145904.970:ERROR:process_reader_win.cc(123)] NtOpenThread: {Access Denied} A process has requested access to an object, but has not been granted those access rights. (0xc0000022)
[0610/145904.970:ERROR:exception_snapshot_win.cc(98)] thread ID 7624 not found in process
[0610/165445.209:ERROR:process_reader_win.cc(123)] NtOpenThread: {Access Denied} A process has requested access to an object, but has not been granted those access rights. (0xc0000022)
[0610/165445.297:ERROR:exception_snapshot_win.cc(98)] thread ID 4176 not found in process
[0610/165445.352:ERROR:process_reader_win.cc(123)] NtOpenThread: {Access Denied} A process has requested access to an object, but has not been granted those access rights. (0xc0000022)
[0610/165445.352:ERROR:exception_snapshot_win.cc(98)] thread ID 10752 not found in process
[0611/091847.242:ERROR:process_reader_win.cc(123)] NtOpenThread: {Access Denied} A process has requested access to an object, but has not been granted those access rights. (0xc0000022)
[0611/091847.281:ERROR:exception_snapshot_win.cc(98)] thread ID 2436 not found in process
[0611/091847.551:ERROR:process_reader_win.cc(123)] NtOpenThread: {Access Denied} A process has requested access to an object, but has not been granted those access rights. (0xc0000022)
[0611/091847.551:ERROR:exception_snapshot_win.cc(98)] thread ID 4392 not found in process
[0611/103348.730:ERROR:process_reader_win.cc(123)] NtOpenThread: {Access Denied} A process has requested access to an object, but has not been granted those access rights. (0xc0000022)
[0611/103348.767:ERROR:exception_snapshot_win.cc(98)] thread ID 580 not found in process
[0611/103348.957:ERROR:process_reader_win.cc(123)] NtOpenThread: {Access Denied} A process has requested access to an object, but has not been granted those access rights. (0xc0000022)
[0611/103348.957:ERROR:exception_snapshot_win.cc(98)] thread ID 11396 not found in process
[0612/110524.006:ERROR:process_reader_win.cc(123)] NtOpenThread: {Access Denied} A process has requested access to an object, but has not been granted those access rights. (0xc0000022)
[0612/110524.056:ERROR:exception_snapshot_win.cc(98)] thread ID 8316 not found in process
[0612/110524.370:ERROR:process_reader_win.cc(123)] NtOpenThread: {Access Denied} A process has requested access to an object, but has not been granted those access rights. (0xc0000022)
[0612/110524.370:ERROR:exception_snapshot_win.cc(98)] thread ID 3536 not found in process
[0612/130401.616:ERROR:process_reader_win.cc(123)] NtOpenThread: {Access Denied} A process has requested access to an object, but has not been granted those access rights. (0xc0000022)
[0612/130401.650:ERROR:exception_snapshot_win.cc(98)] thread ID 12756 not found in process
[0612/130401.901:ERROR:process_reader_win.cc(123)] NtOpenThread: {Access Denied} A process has requested access to an object, but has not been granted those access rights. (0xc0000022)
[0612/130401.902:ERROR:exception_snapshot_win.cc(98)] thread ID 904 not found in process
[0612/142142.480:ERROR:process_reader_win.cc(123)] NtOpenThread: {Access Denied} A process has requested access to an object, but has not been granted those access rights. (0xc0000022)
[0612/142142.510:ERROR:exception_snapshot_win.cc(98)] thread ID 8452 not found in process
[0612/142142.710:ERROR:process_reader_win.cc(123)] NtOpenThread: {Access Denied} A process has requested access to an object, but has not been granted those access rights. (0xc0000022)
[0612/142142.710:ERROR:exception_snapshot_win.cc(98)] thread ID 4868 not found in process
[0612/150356.200:ERROR:process_reader_win.cc(123)] NtOpenThread: {Access Denied} A process has requested access to an object, but has not been granted those access rights. (0xc0000022)
[0612/150356.245:ERROR:exception_snapshot_win.cc(98)] thread ID 12472 not found in process
[0612/150356.335:ERROR:process_reader_win.cc(123)] NtOpenThread: {Access Denied} A process has requested access to an object, but has not been granted those access rights. (0xc0000022)
[0612/150356.335:ERROR:exception_snapshot_win.cc(98)] thread ID 8104 not found in process
[0615/095805.086:ERROR:process_reader_win.cc(123)] NtOpenThread: {Access Denied} A process has requested access to an object, but has not been granted those access rights. (0xc0000022)
[0615/095805.135:ERROR:exception_snapshot_win.cc(98)] thread ID 7436 not found in process
[0615/095805.391:ERROR:process_reader_win.cc(123)] NtOpenThread: {Access Denied} A process has requested access to an object, but has not been granted those access rights. (0xc0000022)
[0615/095805.391:ERROR:exception_snapshot_win.cc(98)] thread ID 9348 not found in process
[0615/133013.050:ERROR:process_reader_win.cc(123)] NtOpenThread: {Access Denied} A process has requested access to an object, but has not been granted those access rights. (0xc0000022)
[0615/133013.084:ERROR:exception_snapshot_win.cc(98)] thread ID 7384 not found in process
[0615/133013.220:ERROR:process_reader_win.cc(123)] NtOpenThread: {Access Denied} A process has requested access to an object, but has not been granted those access rights. (0xc0000022)
[0615/133013.220:ERROR:exception_snapshot_win.cc(98)] thread ID 9520 not found in process
[0615/134750.764:ERROR:process_reader_win.cc(123)] NtOpenThread: {Access Denied} A process has requested access to an object, but has not been granted those access rights. (0xc0000022)
[0615/134750.796:ERROR:exception_snapshot_win.cc(98)] thread ID 2236 not found in process
[0615/134750.824:ERROR:process_reader_win.cc(123)] NtOpenThread: {Access Denied} A process has requested access to an object, but has not been granted those access rights. (0xc0000022)
[0615/134750.824:ERROR:exception_snapshot_win.cc(98)] thread ID 3952 not found in process
[0615/143830.662:ERROR:process_reader_win.cc(123)] NtOpenThread: {Access Denied} A process has requested access to an object, but has not been granted those access rights. (0xc0000022)
[0615/143830.698:ERROR:exception_snapshot_win.cc(98)] thread ID 1200 not found in process
[0615/143830.817:ERROR:process_reader_win.cc(123)] NtOpenThread: {Access Denied} A process has requested access to an object, but has not been granted those access rights. (0xc0000022)
[0615/143830.817:ERROR:exception_snapshot_win.cc(98)] thread ID 4216 not found in process
[0616/122948.717:ERROR:process_reader_win.cc(123)] NtOpenThread: {Access Denied} A process has requested access to an object, but has not been granted those access rights. (0xc0000022)
[0616/122948.749:ERROR:exception_snapshot_win.cc(98)] thread ID 8988 not found in process
[0616/122948.858:ERROR:process_reader_win.cc(123)] NtOpenThread: {Access Denied} A process has requested access to an object, but has not been granted those access rights. (0xc0000022)
[0616/122948.858:ERROR:exception_snapshot_win.cc(98)] thread ID 7524 not found in process
[0616/131911.724:ERROR:process_reader_win.cc(123)] NtOpenThread: {Access Denied} A process has requested access to an object, but has not been granted those access rights. (0xc0000022)
[0616/131911.767:ERROR:exception_snapshot_win.cc(98)] thread ID 8844 not found in process
[0616/131911.857:ERROR:process_reader_win.cc(123)] NtOpenThread: {Access Denied} A process has requested access to an object, but has not been granted those access rights. (0xc0000022)
[0616/131911.857:ERROR:exception_snapshot_win.cc(98)] thread ID 5312 not found in process
[0616/144637.013:ERROR:process_reader_win.cc(123)] NtOpenThread: {Access Denied} A process has requested access to an object, but has not been granted those access rights. (0xc0000022)
[0616/144637.070:ERROR:exception_snapshot_win.cc(98)] thread ID 1812 not found in process
[0616/144637.239:ERROR:process_reader_win.cc(123)] NtOpenThread: {Access Denied} A process has requested access to an object, but has not been granted those access rights. (0xc0000022)
[0616/144637.240:ERROR:exception_snapshot_win.cc(98)] thread ID 10104 not found in process
[0616/152017.251:ERROR:process_reader_win.cc(123)] NtOpenThread: {Access Denied} A process has requested access to an object, but has not been granted those access rights. (0xc0000022)
[0616/152017.278:ERROR:exception_snapshot_win.cc(98)] thread ID 6292 not found in process
[0616/152017.327:ERROR:process_reader_win.cc(123)] NtOpenThread: {Access Denied} A process has requested access to an object, but has not been granted those access rights. (0xc0000022)
[0616/152017.327:ERROR:exception_snapshot_win.cc(98)] thread ID 7924 not found in process
[0617/131426.847:ERROR:process_reader_win.cc(123)] NtOpenThread: {Access Denied} A process has requested access to an object, but has not been granted those access rights. (0xc0000022)
[0617/131426.858:ERROR:process_reader_win.cc(123)] NtOpenThread: {Access Denied} A process has requested access to an object, but has not been granted those access rights. (0xc0000022)
[0617/131426.896:ERROR:exception_snapshot_win.cc(98)] thread ID 5824 not found in process
[0617/131426.896:ERROR:exception_snapshot_win.cc(98)] thread ID 12324 not found in process
[0617/131721.344:ERROR:process_reader_win.cc(123)] NtOpenThread: {Access Denied} A process has requested access to an object, but has not been granted those access rights. (0xc0000022)
[0617/131721.371:ERROR:exception_snapshot_win.cc(98)] thread ID 3396 not found in process
[0617/131721.511:ERROR:process_reader_win.cc(123)] NtOpenThread: {Access Denied} A process has requested access to an object, but has not been granted those access rights. (0xc0000022)
[0617/131721.511:ERROR:exception_snapshot_win.cc(98)] thread ID 1940 not found in process
[0617/132120.791:ERROR:process_reader_win.cc(123)] NtOpenThread: {Access Denied} A process has requested access to an object, but has not been granted those access rights. (0xc0000022)
[0617/132120.791:ERROR:process_reader_win.cc(123)] NtOpenThread: {Access Denied} A process has requested access to an object, but has not been granted those access rights. (0xc0000022)
[0617/132120.867:ERROR:exception_snapshot_win.cc(98)] thread ID 6580 not found in process
[0617/140223.081:ERROR:process_reader_win.cc(123)] NtOpenThread: {Access Denied} A process has requested access to an object, but has not been granted those access rights. (0xc0000022)
[0617/140223.131:ERROR:exception_snapshot_win.cc(98)] thread ID 7028 not found in process
[0617/140223.235:ERROR:process_reader_win.cc(123)] NtOpenThread: {Access Denied} A process has requested access to an object, but has not been granted those access rights. (0xc0000022)
[0617/140223.235:ERROR:exception_snapshot_win.cc(98)] thread ID 12024 not found in process
[0619/135322.366:ERROR:process_reader_win.cc(123)] NtOpenThread: {Access Denied} A process has requested access to an object, but has not been granted those access rights. (0xc0000022)
[0619/135322.422:ERROR:exception_snapshot_win.cc(98)] thread ID 10760 not found in process
[0619/135322.720:ERROR:process_reader_win.cc(123)] NtOpenThread: {Access Denied} A process has requested access to an object, but has not been granted those access rights. (0xc0000022)
[0619/135322.721:ERROR:exception_snapshot_win.cc(98)] thread ID 11436 not found in process
[0619/144418.320:ERROR:process_reader_win.cc(123)] NtOpenThread: {Access Denied} A process has requested access to an object, but has not been granted those access rights. (0xc0000022)
[0619/144418.390:ERROR:exception_snapshot_win.cc(98)] thread ID 10320 not found in process
[0619/144418.752:ERROR:process_reader_win.cc(123)] NtOpenThread: {Access Denied} A process has requested access to an object, but has not been granted those access rights. (0xc0000022)
[0619/144418.752:ERROR:exception_snapshot_win.cc(98)] thread ID 6996 not found in process
[0619/174222.348:ERROR:process_reader_win.cc(123)] NtOpenThread: {Access Denied} A process has requested access to an object, but has not been granted those access rights. (0xc0000022)
[0619/174222.379:ERROR:exception_snapshot_win.cc(98)] thread ID 14268 not found in process
[0619/174222.425:ERROR:process_reader_win.cc(123)] NtOpenThread: {Access Denied} A process has requested access to an object, but has not been granted those access rights. (0xc0000022)
[0619/174222.425:ERROR:exception_snapshot_win.cc(98)] thread ID 4092 not found in process
[0622/172348.710:ERROR:process_reader_win.cc(123)] NtOpenThread: {Access Denied} A process has requested access to an object, but has not been granted those access rights. (0xc0000022)
[0622/172348.778:ERROR:exception_snapshot_win.cc(98)] thread ID 7344 not found in process
[0622/172349.033:ERROR:process_reader_win.cc(123)] NtOpenThread: {Access Denied} A process has requested access to an object, but has not been granted those access rights. (0xc0000022)
[0622/172349.033:ERROR:exception_snapshot_win.cc(98)] thread ID 7164 not found in process
[0623/151800.160:ERROR:process_reader_win.cc(123)] NtOpenThread: {Access Denied} A process has requested access to an object, but has not been granted those access rights. (0xc0000022)
[0623/151800.369:ERROR:process_reader_win.cc(123)] NtOpenThread: {Access Denied} A process has requested access to an object, but has not been granted those access rights. (0xc0000022)
[0623/151800.378:ERROR:exception_snapshot_win.cc(98)] thread ID 3368 not found in process
[0623/151800.378:ERROR:exception_snapshot_win.cc(98)] thread ID 12492 not found in process
[0623/151800.160:ERROR:process_reader_win.cc(123)] NtOpenThread: {Access Denied} A process has requested access to an object, but has not been granted those access rights. (0xc0000022)
[0623/151800.395:ERROR:exception_snapshot_win.cc(98)] thread ID 11436 not found in process
[0623/151800.395:ERROR:scoped_process_suspend.cc(40)] NtResumeProcess: An attempt was made to access an exiting process. (0xc000010a)
[0623/151906.731:ERROR:process_reader_win.cc(123)] NtOpenThread: {Access Denied} A process has requested access to an object, but has not been granted those access rights. (0xc0000022)
[0623/151906.754:ERROR:process_reader_win.cc(123)] NtOpenThread: {Access Denied} A process has requested access to an object, but has not been granted those access rights. (0xc0000022)
[0623/151906.783:ERROR:exception_snapshot_win.cc(98)] thread ID 10224 not found in process
[0623/151906.783:ERROR:exception_snapshot_win.cc(98)] thread ID 14464 not found in process
[0623/152005.642:ERROR:process_reader_win.cc(123)] NtOpenThread: {Access Denied} A process has requested access to an object, but has not been granted those access rights. (0xc0000022)
[0623/152005.643:ERROR:exception_snapshot_win.cc(98)] thread ID 13952 not found in process
[0623/152005.645:ERROR:process_reader_win.cc(123)] NtOpenThread: {Access Denied} A process has requested access to an object, but has not been granted those access rights. (0xc0000022)
[0623/152005.646:ERROR:exception_snapshot_win.cc(98)] thread ID 14924 not found in process
[0623/152005.662:ERROR:process_reader_win.cc(123)] NtOpenThread: {Access Denied} A process has requested access to an object, but has not been granted those access rights. (0xc0000022)
[0623/152005.662:ERROR:exception_snapshot_win.cc(98)] thread ID 7092 not found in process
[0623/153740.673:ERROR:process_reader_win.cc(123)] NtOpenThread: {Access Denied} A process has requested access to an object, but has not been granted those access rights. (0xc0000022)
[0623/153740.664:ERROR:process_reader_win.cc(123)] NtOpenThread: {Access Denied} A process has requested access to an object, but has not been granted those access rights. (0xc0000022)
[0623/153740.687:ERROR:process_reader_win.cc(123)] NtOpenThread: {Access Denied} A process has requested access to an object, but has not been granted those access rights. (0xc0000022)
[0623/153740.701:ERROR:exception_snapshot_win.cc(98)] thread ID 14564 not found in process
[0623/153740.701:ERROR:exception_snapshot_win.cc(98)] thread ID 15228 not found in process
[0623/153740.701:ERROR:exception_snapshot_win.cc(98)] thread ID 6444 not found in process
[0623/162948.402:ERROR:process_reader_win.cc(123)] NtOpenThread: {Access Denied} A process has requested access to an object, but has not been granted those access rights. (0xc0000022)
[0623/162948.456:ERROR:exception_snapshot_win.cc(98)] thread ID 14312 not found in process
[0623/162948.840:ERROR:process_reader_win.cc(123)] NtOpenThread: {Access Denied} A process has requested access to an object, but has not been granted those access rights. (0xc0000022)
[0623/162948.840:ERROR:exception_snapshot_win.cc(98)] thread ID 13228 not found in process
[0624/165337.337:ERROR:process_reader_win.cc(123)] NtOpenThread: {Access Denied} A process has requested access to an object, but has not been granted those access rights. (0xc0000022)
[0624/165337.467:ERROR:exception_snapshot_win.cc(98)] thread ID 7032 not found in process
[0624/165337.792:ERROR:process_reader_win.cc(123)] NtOpenThread: {Access Denied} A process has requested access to an object, but has not been granted those access rights. (0xc0000022)
[0624/165337.792:ERROR:exception_snapshot_win.cc(98)] thread ID 11592 not found in process
[0702/091908.347:ERROR:process_reader_win.cc(123)] NtOpenThread: {Access Denied} A process has requested access to an object, but has not been granted those access rights. (0xc0000022)
[0702/091908.454:ERROR:exception_snapshot_win.cc(98)] thread ID 2668 not found in process
[0702/091908.913:ERROR:process_reader_win.cc(123)] NtOpenThread: {Access Denied} A process has requested access to an object, but has not been granted those access rights. (0xc0000022)
[0702/091908.913:ERROR:exception_snapshot_win.cc(98)] thread ID 8512 not found in process
[0702/093301.174:ERROR:process_reader_win.cc(123)] NtOpenThread: {Access Denied} A process has requested access to an object, but has not been granted those access rights. (0xc0000022)
[0702/093301.236:ERROR:exception_snapshot_win.cc(98)] thread ID 11464 not found in process
[0702/093301.299:ERROR:process_reader_win.cc(123)] NtOpenThread: {Access Denied} A process has requested access to an object, but has not been granted those access rights. (0xc0000022)
[0702/093301.299:ERROR:exception_snapshot_win.cc(98)] thread ID 15512 not found in process
[0702/112650.860:ERROR:process_reader_win.cc(123)] NtOpenThread: {Access Denied} A process has requested access to an object, but has not been granted those access rights. (0xc0000022)
[0702/112650.908:ERROR:exception_snapshot_win.cc(98)] thread ID 14116 not found in process
[0702/112651.084:ERROR:process_reader_win.cc(123)] NtOpenThread: {Access Denied} A process has requested access to an object, but has not been granted those access rights. (0xc0000022)
[0702/112651.084:ERROR:exception_snapshot_win.cc(98)] thread ID 2000 not found in process
[0706/103020.181:ERROR:process_reader_win.cc(123)] NtOpenThread: {Access Denied} A process has requested access to an object, but has not been granted those access rights. (0xc0000022)
[0706/103020.248:ERROR:process_reader_win.cc(123)] NtOpenThread: {Access Denied} A process has requested access to an object, but has not been granted those access rights. (0xc0000022)
[0706/103020.401:ERROR:exception_snapshot_win.cc(98)] thread ID 18420 not found in process
[0706/103020.401:ERROR:exception_snapshot_win.cc(98)] thread ID 15164 not found in process
[0706/122132.981:ERROR:process_reader_win.cc(123)] NtOpenThread: {Access Denied} A process has requested access to an object, but has not been granted those access rights. (0xc0000022)
[0706/122132.997:ERROR:process_reader_win.cc(123)] NtOpenThread: {Access Denied} A process has requested access to an object, but has not been granted those access rights. (0xc0000022)
[0706/122133.044:ERROR:exception_snapshot_win.cc(98)] thread ID 16760 not found in process
[0706/122133.044:ERROR:exception_snapshot_win.cc(98)] thread ID 11396 not found in process
[0706/125309.413:ERROR:process_reader_win.cc(151)] SuspendThread: Access is denied. (0x5)
[0706/125309.428:ERROR:process_reader_win.cc(151)] SuspendThread: Access is denied. (0x5)
[0706/125309.428:ERROR:process_reader_win.cc(123)] NtOpenThread: {Access Denied} A process has requested access to an object, but has not been granted those access rights. (0xc0000022)
[0706/125309.428:ERROR:exception_snapshot_win.cc(98)] thread ID 9028 not found in process
[0706/125309.444:ERROR:process_reader_win.cc(123)] NtOpenThread: {Access Denied} A process has requested access to an object, but has not been granted those access rights. (0xc0000022)
[0706/125309.444:ERROR:exception_snapshot_win.cc(98)] thread ID 14268 not found in process
[0706/130409.585:ERROR:process_reader_win.cc(123)] NtOpenThread: {Access Denied} A process has requested access to an object, but has not been granted those access rights. (0xc0000022)
[0706/130409.587:ERROR:exception_snapshot_win.cc(98)] thread ID 14772 not found in process
[0706/130409.605:ERROR:process_reader_win.cc(123)] NtOpenThread: {Access Denied} A process has requested access to an object, but has not been granted those access rights. (0xc0000022)
[0706/130409.605:ERROR:exception_snapshot_win.cc(98)] thread ID 1564 not found in process
[0706/132810.055:ERROR:process_reader_win.cc(123)] NtOpenThread: {Access Denied} A process has requested access to an object, but has not been granted those access rights. (0xc0000022)
[0706/132810.097:ERROR:exception_snapshot_win.cc(98)] thread ID 10144 not found in process
[0706/132810.262:ERROR:process_reader_win.cc(123)] NtOpenThread: {Access Denied} A process has requested access to an object, but has not been granted those access rights. (0xc0000022)
[0706/132810.262:ERROR:exception_snapshot_win.cc(98)] thread ID 13452 not found in process
[0706/135911.269:ERROR:process_reader_win.cc(123)] NtOpenThread: {Access Denied} A process has requested access to an object, but has not been granted those access rights. (0xc0000022)
[0706/135911.297:ERROR:exception_snapshot_win.cc(98)] thread ID 6160 not found in process
[0706/135911.418:ERROR:process_reader_win.cc(123)] NtOpenThread: {Access Denied} A process has requested access to an object, but has not been granted those access rights. (0xc0000022)
[0706/135911.418:ERROR:exception_snapshot_win.cc(98)] thread ID 17676 not found in process
[0707/092206.143:ERROR:process_reader_win.cc(123)] NtOpenThread: {Access Denied} A process has requested access to an object, but has not been granted those access rights. (0xc0000022)
[0707/092206.264:ERROR:exception_snapshot_win.cc(98)] thread ID 17236 not found in process
[0707/092206.570:ERROR:process_reader_win.cc(123)] NtOpenThread: {Access Denied} A process has requested access to an object, but has not been granted those access rights. (0xc0000022)
[0707/092206.570:ERROR:exception_snapshot_win.cc(98)] thread ID 17012 not found in process
[0707/142246.816:ERROR:process_reader_win.cc(123)] NtOpenThread: {Access Denied} A process has requested access to an object, but has not been granted those access rights. (0xc0000022)
[0707/142246.910:ERROR:process_reader_win.cc(123)] NtOpenThread: {Access Denied} A process has requested access to an object, but has not been granted those access rights. (0xc0000022)
[0707/142247.160:ERROR:exception_snapshot_win.cc(98)] thread ID 7944 not found in process
[0707/142247.160:ERROR:exception_snapshot_win.cc(98)] thread ID 2792 not found in process
[0707/145247.934:ERROR:process_reader_win.cc(123)] NtOpenThread: {Access Denied} A process has requested access to an object, but has not been granted those access rights. (0xc0000022)
[0707/145248.126:ERROR:exception_snapshot_win.cc(98)] thread ID 11012 not found in process
[0707/145248.152:ERROR:process_reader_win.cc(123)] NtOpenThread: {Access Denied} A process has requested access to an object, but has not been granted those access rights. (0xc0000022)
[0707/145248.152:ERROR:exception_snapshot_win.cc(98)] thread ID 11996 not found in process
[0707/153306.343:ERROR:process_reader_win.cc(123)] NtOpenThread: {Access Denied} A process has requested access to an object, but has not been granted those access rights. (0xc0000022)
[0707/153306.468:ERROR:exception_snapshot_win.cc(98)] thread ID 7592 not found in process
[0707/153307.062:ERROR:process_reader_win.cc(123)] NtOpenThread: {Access Denied} A process has requested access to an object, but has not been granted those access rights. (0xc0000022)
[0707/153307.062:ERROR:exception_snapshot_win.cc(98)] thread ID 3492 not found in process
[0708/091219.451:ERROR:process_reader_win.cc(123)] NtOpenThread: {Access Denied} A process has requested access to an object, but has not been granted those access rights. (0xc0000022)
[0708/091219.567:ERROR:exception_snapshot_win.cc(98)] thread ID 7776 not found in process
[0708/091219.933:ERROR:process_reader_win.cc(123)] NtOpenThread: {Access Denied} A process has requested access to an object, but has not been granted those access rights. (0xc0000022)
[0708/091219.933:ERROR:exception_snapshot_win.cc(98)] thread ID 3900 not found in process
[0713/102749.188:ERROR:process_reader_win.cc(123)] NtOpenThread: {Access Denied} A process has requested access to an object, but has not been granted those access rights. (0xc0000022)
[0713/102749.202:ERROR:process_reader_win.cc(123)] NtOpenThread: {Access Denied} A process has requested access to an object, but has not been granted those access rights. (0xc0000022)
[0713/102749.251:ERROR:exception_snapshot_win.cc(98)] thread ID 12228 not found in process
[0713/102749.251:ERROR:exception_snapshot_win.cc(98)] thread ID 480 not found in process
[0713/105244.414:ERROR:process_reader_win.cc(123)] NtOpenThread: {Access Denied} A process has requested access to an object, but has not been granted those access rights. (0xc0000022)
[0713/105244.476:ERROR:exception_snapshot_win.cc(98)] thread ID 2312 not found in process
[0713/105244.343:ERROR:process_reader_win.cc(123)] NtOpenThread: {Access Denied} A process has requested access to an object, but has not been granted those access rights. (0xc0000022)
[0713/105244.476:ERROR:exception_snapshot_win.cc(98)] thread ID 4904 not found in process
[0713/113457.595:ERROR:process_reader_win.cc(123)] NtOpenThread: {Access Denied} A process has requested access to an object, but has not been granted those access rights. (0xc0000022)
[0713/113457.650:ERROR:exception_snapshot_win.cc(98)] thread ID 12324 not found in process
[0713/113457.774:ERROR:process_reader_win.cc(123)] NtOpenThread: {Access Denied} A process has requested access to an object, but has not been granted those access rights. (0xc0000022)
[0713/113457.774:ERROR:exception_snapshot_win.cc(98)] thread ID 8524 not found in process
[0713/130849.402:ERROR:process_reader_win.cc(123)] NtOpenThread: {Access Denied} A process has requested access to an object, but has not been granted those access rights. (0xc0000022)
[0713/130849.444:ERROR:exception_snapshot_win.cc(98)] thread ID 7704 not found in process
[0713/130849.657:ERROR:process_reader_win.cc(123)] NtOpenThread: {Access Denied} A process has requested access to an object, but has not been granted those access rights. (0xc0000022)
[0713/130849.657:ERROR:exception_snapshot_win.cc(98)] thread ID 8828 not found in process
[0721/085024.845:ERROR:process_reader_win.cc(123)] NtOpenThread: {Access Denied} A process has requested access to an object, but has not been granted those access rights. (0xc0000022)
[0721/085024.945:ERROR:exception_snapshot_win.cc(98)] thread ID 900 not found in process
[0721/085025.026:ERROR:process_reader_win.cc(123)] NtOpenThread: {Access Denied} A process has requested access to an object, but has not been granted those access rights. (0xc0000022)
[0721/085025.026:ERROR:exception_snapshot_win.cc(98)] thread ID 12592 not found in process
[0721/091216.428:ERROR:process_reader_win.cc(123)] NtOpenThread: {Access Denied} A process has requested access to an object, but has not been granted those access rights. (0xc0000022)
[0721/091216.495:ERROR:exception_snapshot_win.cc(98)] thread ID 7948 not found in process
[0721/091216.838:ERROR:process_reader_win.cc(123)] NtOpenThread: {Access Denied} A process has requested access to an object, but has not been granted those access rights. (0xc0000022)
[0721/091216.838:ERROR:exception_snapshot_win.cc(98)] thread ID 4952 not found in process
[0721/135207.442:ERROR:process_reader_win.cc(123)] NtOpenThread: {Access Denied} A process has requested access to an object, but has not been granted those access rights. (0xc0000022)
[0721/135207.421:ERROR:process_reader_win.cc(123)] NtOpenThread: {Access Denied} A process has requested access to an object, but has not been granted those access rights. (0xc0000022)
[0721/135207.496:ERROR:exception_snapshot_win.cc(98)] thread ID 11032 not found in process
[0721/135207.496:ERROR:exception_snapshot_win.cc(98)] thread ID 6272 not found in process
[0721/140514.797:ERROR:process_reader_win.cc(151)] SuspendThread: Access is denied. (0x5)
[0721/140514.801:ERROR:process_reader_win.cc(123)] NtOpenThread: {Access Denied} A process has requested access to an object, but has not been granted those access rights. (0xc0000022)
[0721/140514.803:ERROR:exception_snapshot_win.cc(98)] thread ID 9832 not found in process
[0721/140514.805:ERROR:process_reader_win.cc(151)] SuspendThread: Access is denied. (0x5)
[0721/140514.805:ERROR:process_reader_win.cc(151)] SuspendThread: Access is denied. (0x5)
[0721/140514.805:ERROR:process_reader_win.cc(151)] SuspendThread: Access is denied. (0x5)
[0721/140514.805:ERROR:process_reader_win.cc(151)] SuspendThread: Access is denied. (0x5)
[0721/140514.805:ERROR:process_reader_win.cc(123)] NtOpenThread: {Access Denied} A process has requested access to an object, but has not been granted those access rights. (0xc0000022)
[0721/140514.805:ERROR:exception_snapshot_win.cc(98)] thread ID 11352 not found in process
[0721/145649.391:ERROR:process_reader_win.cc(123)] NtOpenThread: {Access Denied} A process has requested access to an object, but has not been granted those access rights. (0xc0000022)
[0721/145649.427:ERROR:exception_snapshot_win.cc(98)] thread ID 9052 not found in process
[0721/145649.605:ERROR:process_reader_win.cc(123)] NtOpenThread: {Access Denied} A process has requested access to an object, but has not been granted those access rights. (0xc0000022)
[0721/145649.605:ERROR:exception_snapshot_win.cc(98)] thread ID 12336 not found in process
[0722/091921.499:ERROR:process_reader_win.cc(123)] NtOpenThread: {Access Denied} A process has requested access to an object, but has not been granted those access rights. (0xc0000022)
[0722/091921.443:ERROR:process_reader_win.cc(123)] NtOpenThread: {Access Denied} A process has requested access to an object, but has not been granted those access rights. (0xc0000022)
[0722/091921.583:ERROR:exception_snapshot_win.cc(98)] thread ID 2788 not found in process
[0722/091921.583:ERROR:exception_snapshot_win.cc(98)] thread ID 5180 not found in process
[0722/093407.817:ERROR:process_reader_win.cc(123)] NtOpenThread: {Access Denied} A process has requested access to an object, but has not been granted those access rights. (0xc0000022)
[0722/093407.818:ERROR:exception_snapshot_win.cc(98)] thread ID 9348 not found in process
[0722/093407.850:ERROR:process_reader_win.cc(123)] NtOpenThread: {Access Denied} A process has requested access to an object, but has not been granted those access rights. (0xc0000022)
[0722/093407.850:ERROR:exception_snapshot_win.cc(98)] thread ID 1664 not found in process
[0723/082718.941:ERROR:process_reader_win.cc(151)] SuspendThread: Access is denied. (0x5)
[0723/082719.051:ERROR:process_reader_win.cc(151)] SuspendThread: Access is denied. (0x5)
[0723/082719.051:ERROR:process_reader_win.cc(123)] NtOpenThread: {Access Denied} A process has requested access to an object, but has not been granted those access rights. (0xc0000022)
[0723/082718.941:ERROR:process_reader_win.cc(123)] NtOpenThread: {Access Denied} A process has requested access to an object, but has not been granted those access rights. (0xc0000022)
[0723/082719.142:ERROR:exception_snapshot_win.cc(98)] thread ID 12764 not found in process
[0723/082719.142:ERROR:exception_snapshot_win.cc(98)] thread ID 9620 not found in process
[0723/090310.881:ERROR:process_reader_win.cc(123)] NtOpenThread: {Access Denied} A process has requested access to an object, but has not been granted those access rights. (0xc0000022)
[0723/090310.933:ERROR:exception_snapshot_win.cc(98)] thread ID 4956 not found in process
[0723/090311.245:ERROR:process_reader_win.cc(123)] NtOpenThread: {Access Denied} A process has requested access to an object, but has not been granted those access rights. (0xc0000022)
[0723/090311.245:ERROR:exception_snapshot_win.cc(98)] thread ID 15132 not found in process
[0725/110812.700:ERROR:process_reader_win.cc(123)] NtOpenThread: {Access Denied} A process has requested access to an object, but has not been granted those access rights. (0xc0000022)
[0725/110812.758:ERROR:exception_snapshot_win.cc(98)] thread ID 11936 not found in process
[0725/110812.996:ERROR:process_reader_win.cc(123)] NtOpenThread: {Access Denied} A process has requested access to an object, but has not been granted those access rights. (0xc0000022)
[0725/110812.996:ERROR:exception_snapshot_win.cc(98)] thread ID 12768 not found in process
[0727/083811.237:ERROR:process_reader_win.cc(123)] NtOpenThread: {Access Denied} A process has requested access to an object, but has not been granted those access rights. (0xc0000022)
[0727/083811.277:ERROR:exception_snapshot_win.cc(98)] thread ID 15792 not found in process
[0727/083811.505:ERROR:process_reader_win.cc(123)] NtOpenThread: {Access Denied} A process has requested access to an object, but has not been granted those access rights. (0xc0000022)
[0727/083811.506:ERROR:exception_snapshot_win.cc(98)] thread ID 10728 not found in process
[0728/084704.341:ERROR:process_reader_win.cc(123)] NtOpenThread: {Access Denied} A process has requested access to an object, but has not been granted those access rights. (0xc0000022)
[0728/084704.426:ERROR:exception_snapshot_win.cc(98)] thread ID 884 not found in process
[0728/084704.461:ERROR:process_reader_win.cc(123)] NtOpenThread: {Access Denied} A process has requested access to an object, but has not been granted those access rights. (0xc0000022)
[0728/084704.462:ERROR:exception_snapshot_win.cc(98)] thread ID 16332 not found in process
[0728/091053.515:ERROR:process_reader_win.cc(123)] NtOpenThread: {Access Denied} A process has requested access to an object, but has not been granted those access rights. (0xc0000022)
[0728/091053.547:ERROR:exception_snapshot_win.cc(98)] thread ID 11560 not found in process
[0728/091053.574:ERROR:process_reader_win.cc(123)] NtOpenThread: {Access Denied} A process has requested access to an object, but has not been granted those access rights. (0xc0000022)
[0728/091053.574:ERROR:exception_snapshot_win.cc(98)] thread ID 11356 not found in process
[0729/093912.433:ERROR:process_reader_win.cc(123)] NtOpenThread: {Access Denied} A process has requested access to an object, but has not been granted those access rights. (0xc0000022)
[0729/093912.536:ERROR:exception_snapshot_win.cc(98)] thread ID 14876 not found in process
[0729/093912.736:ERROR:process_reader_win.cc(123)] NtOpenThread: {Access Denied} A process has requested access to an object, but has not been granted those access rights. (0xc0000022)
[0729/093912.736:ERROR:exception_snapshot_win.cc(98)] thread ID 14796 not found in process
[0805/092038.588:ERROR:process_reader_win.cc(123)] NtOpenThread: {Access Denied} A process has requested access to an object, but has not been granted those access rights. (0xc0000022)
[0805/092038.622:ERROR:exception_snapshot_win.cc(98)] thread ID 9492 not found in process
[0805/092038.820:ERROR:process_reader_win.cc(123)] NtOpenThread: {Access Denied} A process has requested access to an object, but has not been granted those access rights. (0xc0000022)
[0805/092038.820:ERROR:exception_snapshot_win.cc(98)] thread ID 7232 not found in process
[0806/091309.111:ERROR:process_reader_win.cc(123)] NtOpenThread: {Access Denied} A process has requested access to an object, but has not been granted those access rights. (0xc0000022)
[0806/091309.168:ERROR:exception_snapshot_win.cc(98)] thread ID 12724 not found in process
[0806/091309.485:ERROR:process_reader_win.cc(123)] NtOpenThread: {Access Denied} A process has requested access to an object, but has not been granted those access rights. (0xc0000022)
[0806/091309.485:ERROR:exception_snapshot_win.cc(98)] thread ID 17920 not found in process
[0810/094330.688:ERROR:process_reader_win.cc(123)] NtOpenThread: {Access Denied} A process has requested access to an object, but has not been granted those access rights. (0xc0000022)
[0810/094330.723:ERROR:exception_snapshot_win.cc(98)] thread ID 16916 not found in process
[0810/094330.948:ERROR:process_reader_win.cc(123)] NtOpenThread: {Access Denied} A process has requested access to an object, but has not been granted those access rights. (0xc0000022)
[0810/094330.949:ERROR:exception_snapshot_win.cc(98)] thread ID 17000 not found in process
[0826/150523.627:ERROR:process_reader_win.cc(123)] NtOpenThread: {Access Denied} A process has requested access to an object, but has not been granted those access rights. (0xc0000022)
[0826/150523.662:ERROR:exception_snapshot_win.cc(98)] thread ID 9280 not found in process
[0826/150523.854:ERROR:process_reader_win.cc(123)] NtOpenThread: {Access Denied} A process has requested access to an object, but has not been granted those access rights. (0xc0000022)
[0826/150523.854:ERROR:exception_snapshot_win.cc(98)] thread ID 9548 not found in process
[0829/103940.162:ERROR:process_reader_win.cc(123)] NtOpenThread: {Access Denied} A process has requested access to an object, but has not been granted those access rights. (0xc0000022)
[0829/103940.223:ERROR:exception_snapshot_win.cc(98)] thread ID 11968 not found in process
[0829/103940.358:ERROR:process_reader_win.cc(123)] NtOpenThread: {Access Denied} A process has requested access to an object, but has not been granted those access rights. (0xc0000022)
[0829/103940.358:ERROR:exception_snapshot_win.cc(98)] thread ID 11116 not found in process
[0902/085102.597:ERROR:process_reader_win.cc(123)] NtOpenThread: {Access Denied} A process has requested access to an object, but has not been granted those access rights. (0xc0000022)
[0902/085102.586:ERROR:process_reader_win.cc(123)] NtOpenThread: {Access Denied} A process has requested access to an object, but has not been granted those access rights. (0xc0000022)
[0902/085102.647:ERROR:exception_snapshot_win.cc(98)] thread ID 6820 not found in process
[0902/085102.647:ERROR:exception_snapshot_win.cc(98)] thread ID 5896 not found in process
[0904/103835.667:ERROR:process_reader_win.cc(123)] NtOpenThread: {Access Denied} A process has requested access to an object, but has not been granted those access rights. (0xc0000022)
[0904/103835.740:ERROR:exception_snapshot_win.cc(98)] thread ID 9644 not found in process
[0904/103835.958:ERROR:process_reader_win.cc(123)] NtOpenThread: {Access Denied} A process has requested access to an object, but has not been granted those access rights. (0xc0000022)
[0904/103835.958:ERROR:exception_snapshot_win.cc(98)] thread ID 1220 not found in process
[0907/084115.975:ERROR:process_reader_win.cc(123)] NtOpenThread: {Access Denied} A process has requested access to an object, but has not been granted those access rights. (0xc0000022)
[0907/084116.045:ERROR:exception_snapshot_win.cc(98)] thread ID 10616 not found in process
[0907/084116.326:ERROR:process_reader_win.cc(123)] NtOpenThread: {Access Denied} A process has requested access to an object, but has not been granted those access rights. (0xc0000022)
[0907/084116.326:ERROR:exception_snapshot_win.cc(98)] thread ID 9760 not found in process
[0907/100315.026:ERROR:process_reader_win.cc(123)] NtOpenThread: {Access Denied} A process has requested access to an object, but has not been granted those access rights. (0xc0000022)
[0907/100315.130:ERROR:exception_snapshot_win.cc(98)] thread ID 2872 not found in process
[0907/100315.292:ERROR:process_reader_win.cc(123)] NtOpenThread: {Access Denied} A process has requested access to an object, but has not been granted those access rights. (0xc0000022)
[0907/100315.292:ERROR:exception_snapshot_win.cc(98)] thread ID 11608 not found in process
[0908/101727.703:ERROR:process_reader_win.cc(123)] NtOpenThread: {Access Denied} A process has requested access to an object, but has not been granted those access rights. (0xc0000022)
[0908/101727.756:ERROR:exception_snapshot_win.cc(99)] thread ID 10104 not found in process
[0908/101728.060:ERROR:process_reader_win.cc(123)] NtOpenThread: {Access Denied} A process has requested access to an object, but has not been granted those access rights. (0xc0000022)
[0908/101728.060:ERROR:exception_snapshot_win.cc(99)] thread ID 7320 not found in process
[0910/093340.702:ERROR:process_reader_win.cc(123)] NtOpenThread: {Access Denied} A process has requested access to an object, but has not been granted those access rights. (0xc0000022)
[0910/093340.956:ERROR:exception_snapshot_win.cc(99)] thread ID 7040 not found in process
[0910/093342.612:ERROR:process_reader_win.cc(123)] NtOpenThread: {Access Denied} A process has requested access to an object, but has not been granted those access rights. (0xc0000022)
[0910/093342.612:ERROR:exception_snapshot_win.cc(99)] thread ID 10944 not found in process
[0914/093611.210:ERROR:process_reader_win.cc(123)] NtOpenThread: {Access Denied} A process has requested access to an object, but has not been granted those access rights. (0xc0000022)
[0914/093611.270:ERROR:exception_snapshot_win.cc(99)] thread ID 116 not found in process
[0914/093611.707:ERROR:process_reader_win.cc(123)] NtOpenThread: {Access Denied} A process has requested access to an object, but has not been granted those access rights. (0xc0000022)
[0914/093611.707:ERROR:exception_snapshot_win.cc(99)] thread ID 10980 not found in process
[0928/160710.342:ERROR:process_reader_win.cc(123)] NtOpenThread: {Access Denied} A process has requested access to an object, but has not been granted those access rights. (0xc0000022)
[0928/160710.381:ERROR:exception_snapshot_win.cc(99)] thread ID 7432 not found in process
[0928/160710.497:ERROR:process_reader_win.cc(123)] NtOpenThread: {Access Denied} A process has requested access to an object, but has not been granted those access rights. (0xc0000022)
[0928/160710.497:ERROR:exception_snapshot_win.cc(99)] thread ID 2932 not found in process
[0929/111456.958:ERROR:process_reader_win.cc(123)] NtOpenThread: {Access Denied} A process has requested access to an object, but has not been granted those access rights. (0xc0000022)
[0929/111457.028:ERROR:exception_snapshot_win.cc(99)] thread ID 10860 not found in process
[0929/111457.416:ERROR:process_reader_win.cc(123)] NtOpenThread: {Access Denied} A process has requested access to an object, but has not been granted those access rights. (0xc0000022)
[0929/111457.416:ERROR:exception_snapshot_win.cc(99)] thread ID 7196 not found in process
[0930/083523.237:ERROR:process_reader_win.cc(123)] NtOpenThread: {Access Denied} A process has requested access to an object, but has not been granted those access rights. (0xc0000022)
[0930/083523.224:ERROR:process_reader_win.cc(123)] NtOpenThread: {Access Denied} A process has requested access to an object, but has not been granted those access rights. (0xc0000022)
[0930/083523.287:ERROR:exception_snapshot_win.cc(99)] thread ID 12408 not found in process
[0930/083523.287:ERROR:exception_snapshot_win.cc(99)] thread ID 8136 not found in process
[0930/085843.942:ERROR:process_reader_win.cc(123)] NtOpenThread: {Access Denied} A process has requested access to an object, but has not been granted those access rights. (0xc0000022)
[0930/085843.983:ERROR:exception_snapshot_win.cc(99)] thread ID 12004 not found in process
[0930/085844.107:ERROR:process_reader_win.cc(123)] NtOpenThread: {Access Denied} A process has requested access to an object, but has not been granted those access rights. (0xc0000022)
[0930/085844.107:ERROR:exception_snapshot_win.cc(99)] thread ID 9040 not found in process
[1001/100749.881:ERROR:process_reader_win.cc(123)] NtOpenThread: {Access Denied} A process has requested access to an object, but has not been granted those access rights. (0xc0000022)
[1001/100749.915:ERROR:exception_snapshot_win.cc(99)] thread ID 3272 not found in process
[1001/100750.018:ERROR:process_reader_win.cc(123)] NtOpenThread: {Access Denied} A process has requested access to an object, but has not been granted those access rights. (0xc0000022)
[1001/100750.018:ERROR:exception_snapshot_win.cc(99)] thread ID 10960 not found in process
[1001/114123.201:ERROR:process_reader_win.cc(123)] NtOpenThread: {Access Denied} A process has requested access to an object, but has not been granted those access rights. (0xc0000022)
[1001/114123.230:ERROR:exception_snapshot_win.cc(99)] thread ID 6396 not found in process
[1001/114123.332:ERROR:process_reader_win.cc(123)] NtOpenThread: {Access Denied} A process has requested access to an object, but has not been granted those access rights. (0xc0000022)
[1001/114123.332:ERROR:exception_snapshot_win.cc(99)] thread ID 12172 not found in process
[1001/130414.591:ERROR:process_reader_win.cc(123)] NtOpenThread: {Access Denied} A process has requested access to an object, but has not been granted those access rights. (0xc0000022)
[1001/130414.618:ERROR:exception_snapshot_win.cc(99)] thread ID 9236 not found in process
[1001/130414.768:ERROR:process_reader_win.cc(123)] NtOpenThread: {Access Denied} A process has requested access to an object, but has not been granted those access rights. (0xc0000022)
[1001/130414.768:ERROR:exception_snapshot_win.cc(99)] thread ID 10140 not found in process
[1003/104657.944:ERROR:process_reader_win.cc(123)] NtOpenThread: {Access Denied} A process has requested access to an object, but has not been granted those access rights. (0xc0000022)
[1003/104657.987:ERROR:exception_snapshot_win.cc(99)] thread ID 12420 not found in process
[1003/104658.136:ERROR:process_reader_win.cc(123)] NtOpenThread: {Access Denied} A process has requested access to an object, but has not been granted those access rights. (0xc0000022)
[1003/104658.136:ERROR:exception_snapshot_win.cc(99)] thread ID 1732 not found in process
[1005/105026.853:ERROR:process_reader_win.cc(123)] NtOpenThread: {Access Denied} A process has requested access to an object, but has not been granted those access rights. (0xc0000022)
[1005/105026.912:ERROR:exception_snapshot_win.cc(99)] thread ID 12728 not found in process
[1005/105027.097:ERROR:process_reader_win.cc(123)] NtOpenThread: {Access Denied} A process has requested access to an object, but has not been granted those access rights. (0xc0000022)
[1005/105027.097:ERROR:exception_snapshot_win.cc(99)] thread ID 7512 not found in process
[1006/083401.142:ERROR:process_reader_win.cc(123)] NtOpenThread: {Access Denied} A process has requested access to an object, but has not been granted those access rights. (0xc0000022)
[1006/083401.178:ERROR:exception_snapshot_win.cc(99)] thread ID 9312 not found in process
[1006/083401.308:ERROR:process_reader_win.cc(123)] NtOpenThread: {Access Denied} A process has requested access to an object, but has not been granted those access rights. (0xc0000022)
[1006/083401.308:ERROR:exception_snapshot_win.cc(99)] thread ID 10368 not found in process
